<?xml version="1.0" encoding="UTF-8"?>
<!-- Generated by org.testng.reporters.JUnitReportReporter -->
<testsuite hostname="DESKTOP-F8CB3FJ" failures="0" tests="7" name="com.tutorialsninj.qa.testcases.LoginTest" time="61.547" errors="0" timestamp="2024-04-06T13:03:49 IST" skipped="0">
  <testcase classname="com.tutorialsninj.qa.testcases.LoginTest" name="verifyLoginWithValidCredentials" time="8.986"/>
  <system-out/>
  <testcase classname="com.tutorialsninj.qa.testcases.LoginTest" name="verifyLoginWithValidCredentials" time="9.357"/>
  <system-out/>
  <testcase classname="com.tutorialsninj.qa.testcases.LoginTest" name="verifyLoginWithValidCredentials" time="9.072"/>
  <system-out/>
  <testcase classname="com.tutorialsninj.qa.testcases.LoginTest" name="verfiyLoginWithInValidCredentials" time="8.370"/>
  <system-out/>
  <testcase classname="com.tutorialsninj.qa.testcases.LoginTest" name="verfiyLoginWithInValidUsernameandValidPassword" time="8.756"/>
  <system-out/>
  <testcase classname="com.tutorialsninj.qa.testcases.LoginTest" name="verfiyLoginWithValidUsernameandInValidPassword" time="9.362"/>
  <system-out/>
  <testcase classname="com.tutorialsninj.qa.testcases.LoginTest" name="verfiyLoginWithoutCredentials" time="7.644"/>
  <system-out/>
</testsuite> <!-- com.tutorialsninj.qa.testcases.LoginTest -->
