<?xml version="1.0" encoding="UTF-8"?>
<!-- Generated by org.testng.reporters.JUnitReportReporter -->
<testsuite hostname="DESKTOP-F8CB3FJ" failures="0" tests="4" name="com.tutorialsninj.qa.testcases.RegisterTest" time="54.054" errors="0" timestamp="2024-04-06T13:03:49 IST" skipped="0">
  <testcase classname="com.tutorialsninj.qa.testcases.RegisterTest" name="verfyRegisteringAnAccountWithMandatoryFields" time="11.895"/>
  <system-out/>
  <testcase classname="com.tutorialsninj.qa.testcases.RegisterTest" name="verfyRegisteringAnAccountWithMandatoryFieldsWithSubscribe" time="22.573"/>
  <system-out/>
  <testcase classname="com.tutorialsninj.qa.testcases.RegisterTest" name="verfyRegisteringAnAccountWithExistingEmailAddress" time="9.792"/>
  <system-out/>
  <testcase classname="com.tutorialsninj.qa.testcases.RegisterTest" name="verfyRegisteringAnAccountWithOutMandatoryFields" time="9.794"/>
  <system-out/>
</testsuite> <!-- com.tutorialsninj.qa.testcases.RegisterTest -->
